mode: atomic
github.com/NeowayLabs/go-tfidf/helper/helper.go:3.48,6.26 2 2
github.com/NeowayLabs/go-tfidf/helper/helper.go:12.2,12.20 1 2
github.com/NeowayLabs/go-tfidf/helper/helper.go:6.26,7.47 1 10
github.com/NeowayLabs/go-tfidf/helper/helper.go:7.47,9.4 1 8
github.com/NeowayLabs/go-tfidf/helper/helper.go:15.64,16.26 1 12
github.com/NeowayLabs/go-tfidf/helper/helper.go:22.2,22.14 1 9
github.com/NeowayLabs/go-tfidf/helper/helper.go:16.26,17.16 1 23
github.com/NeowayLabs/go-tfidf/helper/helper.go:17.16,19.4 1 3
github.com/NeowayLabs/go-tfidf/go_tfidf.go:19.57,20.24 1 3
github.com/NeowayLabs/go-tfidf/go_tfidf.go:24.2,24.32 1 2
github.com/NeowayLabs/go-tfidf/go_tfidf.go:31.2,33.12 2 2
github.com/NeowayLabs/go-tfidf/go_tfidf.go:20.24,22.3 1 1
github.com/NeowayLabs/go-tfidf/go_tfidf.go:24.32,30.3 4 6
github.com/NeowayLabs/go-tfidf/go_tfidf.go:36.65,40.29 3 7
github.com/NeowayLabs/go-tfidf/go_tfidf.go:44.2,44.34 1 7
github.com/NeowayLabs/go-tfidf/go_tfidf.go:40.29,42.3 1 42
github.com/NeowayLabs/go-tfidf/go_tfidf.go:47.42,48.41 1 2
github.com/NeowayLabs/go-tfidf/go_tfidf.go:48.41,50.3 1 28
github.com/NeowayLabs/go-tfidf/go_tfidf.go:53.90,55.32 2 30
github.com/NeowayLabs/go-tfidf/go_tfidf.go:62.2,62.31 1 30
github.com/NeowayLabs/go-tfidf/go_tfidf.go:66.2,66.12 1 0
github.com/NeowayLabs/go-tfidf/go_tfidf.go:55.32,57.70 2 86
github.com/NeowayLabs/go-tfidf/go_tfidf.go:57.70,59.4 1 38
github.com/NeowayLabs/go-tfidf/go_tfidf.go:62.31,64.3 1 30
github.com/NeowayLabs/go-tfidf/go_tfidf.go:70.89,74.49 3 2
github.com/NeowayLabs/go-tfidf/go_tfidf.go:78.2,78.63 1 1
github.com/NeowayLabs/go-tfidf/go_tfidf.go:93.2,93.25 1 1
github.com/NeowayLabs/go-tfidf/go_tfidf.go:74.49,76.3 1 1
github.com/NeowayLabs/go-tfidf/go_tfidf.go:78.63,80.35 2 3
github.com/NeowayLabs/go-tfidf/go_tfidf.go:80.35,83.36 3 6
github.com/NeowayLabs/go-tfidf/go_tfidf.go:86.4,86.55 1 6
github.com/NeowayLabs/go-tfidf/go_tfidf.go:89.4,89.61 1 6
github.com/NeowayLabs/go-tfidf/go_tfidf.go:83.36,85.5 1 4
github.com/NeowayLabs/go-tfidf/go_tfidf.go:86.55,88.5 1 6
github.com/NeowayLabs/go-tfidf/go_tfidf.go:96.77,101.49 4 2
github.com/NeowayLabs/go-tfidf/go_tfidf.go:105.2,107.34 2 1
github.com/NeowayLabs/go-tfidf/go_tfidf.go:113.2,113.24 1 1
github.com/NeowayLabs/go-tfidf/go_tfidf.go:101.49,103.3 1 1
github.com/NeowayLabs/go-tfidf/go_tfidf.go:107.34,111.3 3 2
github.com/NeowayLabs/go-tfidf/go_tfidf.go:116.43,118.2 1 1
github.com/NeowayLabs/go-tfidf/go_tfidf.go:120.19,128.2 1 4
github.com/NeowayLabs/go-tfidf/similarity/similarity.go:9.129,15.45 4 2
github.com/NeowayLabs/go-tfidf/similarity/similarity.go:20.2,20.52 1 2
github.com/NeowayLabs/go-tfidf/similarity/similarity.go:30.2,30.26 1 2
github.com/NeowayLabs/go-tfidf/similarity/similarity.go:16.10,17.40 1 2
github.com/NeowayLabs/go-tfidf/similarity/similarity.go:20.52,22.23 2 2
github.com/NeowayLabs/go-tfidf/similarity/similarity.go:27.3,27.50 1 1
github.com/NeowayLabs/go-tfidf/similarity/similarity.go:22.23,25.9 3 1
github.com/NeowayLabs/go-tfidf/similarity/similarity.go:33.47,34.22 1 4
github.com/NeowayLabs/go-tfidf/similarity/similarity.go:38.2,38.69 1 2
github.com/NeowayLabs/go-tfidf/similarity/similarity.go:34.22,36.3 1 2
github.com/NeowayLabs/go-tfidf/similarity/similarity.go:41.48,44.27 2 5
github.com/NeowayLabs/go-tfidf/similarity/similarity.go:48.2,48.30 1 5
github.com/NeowayLabs/go-tfidf/similarity/similarity.go:44.27,46.3 1 25
github.com/NeowayLabs/go-tfidf/similarity/similarity.go:51.63,52.34 1 4
github.com/NeowayLabs/go-tfidf/similarity/similarity.go:56.2,57.36 2 3
github.com/NeowayLabs/go-tfidf/similarity/similarity.go:61.2,61.15 1 3
github.com/NeowayLabs/go-tfidf/similarity/similarity.go:52.34,54.3 1 1
github.com/NeowayLabs/go-tfidf/similarity/similarity.go:57.36,59.3 1 15
